Start testing: Aug 02 13:05 MSK
----------------------------------------------------------
1/1 Testing: test_stack_queue
1/1 Test: test_stack_queue
Command: "/home/artemii/project/build/test_stack_queue"
Directory: /home/artemii/project/build
"test_stack_queue" start time: Aug 02 13:05 MSK
Output:
----------------------------------------------------------
Stack tests passed!
Queue tests passed!
<end of output>
Test time =   0.00 sec
----------------------------------------------------------
Test Passed.
"test_stack_queue" end time: Aug 02 13:05 MSK
"test_stack_queue" time elapsed: 00:00:00
----------------------------------------------------------

End testing: Aug 02 13:05 MSK
